  InformationSecurity_HW1.cpp
c:\users\user\documents\visual studio 2015\projects\informationsecurity_hw1\informationsecurity_hw1\informationsecurity_hw1.cpp(14): warning C4018: '<': signed/unsigned 不相符
c:\users\user\documents\visual studio 2015\projects\informationsecurity_hw1\informationsecurity_hw1\informationsecurity_hw1.cpp(28): warning C4018: '<': signed/unsigned 不相符
c:\users\user\documents\visual studio 2015\projects\informationsecurity_hw1\informationsecurity_hw1\informationsecurity_hw1.cpp(35): warning C4018: '<': signed/unsigned 不相符
c:\users\user\documents\visual studio 2015\projects\informationsecurity_hw1\informationsecurity_hw1\informationsecurity_hw1.cpp(60): warning C4018: '<': signed/unsigned 不相符
c:\users\user\documents\visual studio 2015\projects\informationsecurity_hw1\informationsecurity_hw1\informationsecurity_hw1.cpp(80): warning C4018: '<': signed/unsigned 不相符
c:\users\user\documents\visual studio 2015\projects\informationsecurity_hw1\informationsecurity_hw1\informationsecurity_hw1.cpp(86): warning C4018: '<': signed/unsigned 不相符
c:\users\user\documents\visual studio 2015\projects\informationsecurity_hw1\informationsecurity_hw1\informationsecurity_hw1.cpp(139): warning C4018: '<': signed/unsigned 不相符
c:\users\user\documents\visual studio 2015\projects\informationsecurity_hw1\informationsecurity_hw1\informationsecurity_hw1.cpp(180): warning C4018: '<': signed/unsigned 不相符
c:\users\user\documents\visual studio 2015\projects\informationsecurity_hw1\informationsecurity_hw1\informationsecurity_hw1.cpp(183): warning C4018: '<': signed/unsigned 不相符
c:\users\user\documents\visual studio 2015\projects\informationsecurity_hw1\informationsecurity_hw1\informationsecurity_hw1.cpp(188): warning C4018: '<': signed/unsigned 不相符
c:\users\user\documents\visual studio 2015\projects\informationsecurity_hw1\informationsecurity_hw1\informationsecurity_hw1.cpp(193): warning C4018: '<': signed/unsigned 不相符
c:\users\user\documents\visual studio 2015\projects\informationsecurity_hw1\informationsecurity_hw1\informationsecurity_hw1.cpp(195): warning C4018: '<': signed/unsigned 不相符
c:\users\user\documents\visual studio 2015\projects\informationsecurity_hw1\informationsecurity_hw1\informationsecurity_hw1.cpp(203): warning C4018: '<': signed/unsigned 不相符
c:\users\user\documents\visual studio 2015\projects\informationsecurity_hw1\informationsecurity_hw1\informationsecurity_hw1.cpp(222): warning C4018: '<': signed/unsigned 不相符
c:\users\user\documents\visual studio 2015\projects\informationsecurity_hw1\informationsecurity_hw1\informationsecurity_hw1.cpp(231): warning C4018: '<': signed/unsigned 不相符
c:\users\user\documents\visual studio 2015\projects\informationsecurity_hw1\informationsecurity_hw1\informationsecurity_hw1.cpp(236): warning C4018: '<': signed/unsigned 不相符
c:\users\user\documents\visual studio 2015\projects\informationsecurity_hw1\informationsecurity_hw1\informationsecurity_hw1.cpp(239): warning C4018: '<': signed/unsigned 不相符
c:\users\user\documents\visual studio 2015\projects\informationsecurity_hw1\informationsecurity_hw1\informationsecurity_hw1.cpp(273): warning C4018: '<': signed/unsigned 不相符
c:\users\user\documents\visual studio 2015\projects\informationsecurity_hw1\informationsecurity_hw1\informationsecurity_hw1.cpp(46): warning C4715: 'findPosition': 不是所有控制路徑都傳回值
  InformationSecurity_HW1.vcxproj -> C:\Users\user\Documents\Visual Studio 2015\Projects\InformationSecurity_HW1\Debug\InformationSecurity_HW1.exe
  InformationSecurity_HW1.vcxproj -> C:\Users\user\Documents\Visual Studio 2015\Projects\InformationSecurity_HW1\Debug\InformationSecurity_HW1.pdb (Full PDB)
